TN:
SF:components/AccountMenu.tsx
FN:21,(anonymous_0)
FN:31,(anonymous_1)
FN:34,(anonymous_2)
FN:56,(anonymous_3)
FN:76,(anonymous_4)
FN:79,(anonymous_5)
FN:100,(anonymous_6)
FN:107,(anonymous_7)
FN:116,(anonymous_8)
FNF:9
FNH:6
FNDA:8,(anonymous_0)
FNDA:12,(anonymous_1)
FNDA:1,(anonymous_2)
FNDA:0,(anonymous_3)
FNDA:5,(anonymous_4)
FNDA:1,(anonymous_5)
FNDA:0,(anonymous_6)
FNDA:0,(anonymous_7)
FNDA:1,(anonymous_8)
DA:21,2
DA:22,8
DA:23,8
DA:24,8
DA:27,8
DA:30,8
DA:31,12
DA:34,8
DA:35,1
DA:36,1
DA:39,1
DA:43,1
DA:45,0
DA:46,0
DA:50,8
DA:52,5
DA:56,0
DA:77,5
DA:79,1
DA:100,0
DA:107,0
DA:116,1
LF:22
LH:17
BRDA:30,0,0,8
BRDA:30,0,1,2
BRDA:50,1,0,3
BRDA:50,1,1,5
BRDA:50,2,0,8
BRDA:50,2,1,3
BRDA:59,3,0,5
BRDA:59,3,1,5
BRDA:63,4,0,5
BRDA:63,4,1,0
BRDA:84,5,0,5
BRDA:84,5,1,0
BRF:12
BRH:10
end_of_record
TN:
SF:components/Billboard.tsx
FN:10,(anonymous_0)
FN:17,(anonymous_1)
FN:21,(anonymous_2)
FN:25,(anonymous_3)
FNF:4
FNH:4
FNDA:13,(anonymous_0)
FNDA:1,(anonymous_1)
FNDA:1,(anonymous_2)
FNDA:6,(anonymous_3)
DA:10,1
DA:11,13
DA:12,13
DA:13,13
DA:15,13
DA:17,13
DA:18,1
DA:21,13
DA:22,1
DA:25,13
DA:26,6
DA:29,13
DA:30,7
DA:35,6
DA:43,6
LF:15
LH:15
BRDA:29,0,0,7
BRDA:29,0,1,6
BRDA:29,1,0,13
BRDA:29,1,1,11
BRDA:29,1,2,6
BRDA:35,2,0,1
BRDA:35,2,1,5
BRDA:36,3,0,1
BRDA:36,3,1,0
BRDA:39,4,0,0
BRDA:39,4,1,5
BRDA:84,5,0,5
BRDA:84,5,1,1
BRDA:88,6,0,5
BRDA:88,6,1,1
BRF:15
BRH:13
end_of_record
TN:
SF:components/FavouriteButton.tsx
FN:16,(anonymous_0)
FN:27,(anonymous_1)
FN:29,(anonymous_2)
FN:37,(anonymous_3)
FNF:4
FNH:3
FNDA:2,(anonymous_0)
FNDA:2,(anonymous_1)
FNDA:1,(anonymous_2)
FNDA:0,(anonymous_3)
DA:16,1
DA:23,2
DA:24,2
DA:27,2
DA:28,2
DA:30,1
DA:37,2
DA:38,0
DA:39,0
DA:40,0
DA:44,0
DA:53,0
DA:54,0
DA:56,0
DA:69,2
DA:71,2
LF:16
LH:9
BRDA:20,0,0,2
BRDA:22,1,0,0
BRDA:30,2,0,1
BRDA:30,2,1,1
BRDA:30,2,2,1
BRDA:39,3,0,0
BRDA:39,3,1,0
BRDA:69,4,0,1
BRDA:69,4,1,1
BRDA:79,5,0,1
BRDA:79,5,1,1
BRF:11
BRH:8
end_of_record
TN:
SF:components/InfoModal.tsx
FN:42,(anonymous_0)
FN:96,(anonymous_1)
FN:101,(anonymous_2)
FN:106,(anonymous_3)
FN:118,(anonymous_4)
FN:130,(anonymous_5)
FN:144,(anonymous_6)
FN:146,(anonymous_7)
FN:180,(anonymous_8)
FN:204,(anonymous_9)
FN:211,(anonymous_10)
FN:217,(anonymous_11)
FN:220,(anonymous_12)
FN:228,(anonymous_13)
FN:230,(anonymous_14)
FN:235,(anonymous_15)
FN:245,(anonymous_16)
FN:247,(anonymous_17)
FN:297,(anonymous_18)
FN:401,(anonymous_19)
FN:507,(anonymous_20)
FN:515,(anonymous_21)
FN:516,(anonymous_22)
FN:526,(anonymous_23)
FN:527,(anonymous_24)
FN:541,(anonymous_25)
FN:586,(anonymous_26)
FN:613,(anonymous_27)
FNF:28
FNH:21
FNDA:7,(anonymous_0)
FNDA:0,(anonymous_1)
FNDA:4,(anonymous_2)
FNDA:4,(anonymous_3)
FNDA:4,(anonymous_4)
FNDA:4,(anonymous_5)
FNDA:0,(anonymous_6)
FNDA:0,(anonymous_7)
FNDA:13,(anonymous_8)
FNDA:10,(anonymous_9)
FNDA:6,(anonymous_10)
FNDA:4,(anonymous_11)
FNDA:2,(anonymous_12)
FNDA:4,(anonymous_13)
FNDA:0,(anonymous_14)
FNDA:10,(anonymous_15)
FNDA:4,(anonymous_16)
FNDA:30,(anonymous_17)
FNDA:5,(anonymous_18)
FNDA:0,(anonymous_19)
FNDA:1,(anonymous_20)
FNDA:15,(anonymous_21)
FNDA:15,(anonymous_22)
FNDA:0,(anonymous_23)
FNDA:0,(anonymous_24)
FNDA:30,(anonymous_25)
FNDA:9,(anonymous_26)
FNDA:10,(anonymous_27)
DA:42,1
DA:43,7
DA:44,7
DA:45,7
DA:46,7
DA:47,7
DA:49,7
DA:51,7
DA:54,7
DA:60,7
DA:63,7
DA:67,7
DA:72,7
DA:76,7
DA:81,7
DA:84,7
DA:87,7
DA:88,7
DA:90,7
DA:91,7
DA:93,7
DA:96,7
DA:97,0
DA:101,7
DA:102,4
DA:106,7
DA:108,4
DA:109,0
DA:112,4
DA:113,0
DA:118,7
DA:119,4
DA:120,4
DA:122,4
DA:123,1
DA:124,3
DA:125,1
DA:130,7
DA:131,4
DA:133,4
DA:138,0
DA:140,4
DA:144,7
DA:145,0
DA:146,0
DA:147,0
DA:152,7
DA:153,7
DA:155,7
DA:156,1
DA:159,6
DA:160,1
DA:171,5
DA:172,0
DA:176,5
DA:179,5
DA:180,13
DA:186,5
DA:196,5
DA:203,5
DA:204,10
DA:209,5
DA:211,6
DA:218,4
DA:220,2
DA:223,5
DA:228,4
DA:230,0
DA:235,10
DA:239,5
DA:245,4
DA:247,30
DA:285,5
DA:292,5
DA:297,5
DA:299,5
DA:302,5
DA:304,3
DA:305,3
DA:308,0
DA:309,0
DA:311,0
DA:312,0
DA:316,2
DA:317,2
DA:318,2
DA:320,2
DA:321,2
DA:323,2
DA:324,2
DA:327,5
DA:402,0
DA:508,1
DA:515,15
DA:517,15
DA:526,0
DA:528,0
DA:542,30
DA:587,9
DA:614,10
LF:100
LH:84
BRDA:55,0,0,7
BRDA:55,0,1,0
BRDA:73,1,0,4
BRDA:73,1,1,3
BRDA:73,2,0,4
BRDA:73,2,1,1
BRDA:77,3,0,3
BRDA:77,3,1,4
BRDA:77,4,0,3
BRDA:77,4,1,0
BRDA:90,5,0,7
BRDA:90,5,1,5
BRDA:91,6,0,7
BRDA:91,6,1,4
BRDA:93,7,0,4
BRDA:93,7,1,3
BRDA:108,8,0,0
BRDA:108,8,1,4
BRDA:108,9,0,4
BRDA:108,9,1,1
BRDA:108,9,2,1
BRDA:108,9,3,0
BRDA:112,10,0,0
BRDA:112,10,1,4
BRDA:112,11,0,4
BRDA:112,11,1,3
BRDA:112,11,2,2
BRDA:112,11,3,1
BRDA:119,12,0,4
BRDA:119,12,1,3
BRDA:120,13,0,4
BRDA:120,13,1,3
BRDA:122,14,0,1
BRDA:122,14,1,3
BRDA:122,15,0,4
BRDA:122,15,1,3
BRDA:124,16,0,1
BRDA:124,16,1,2
BRDA:124,17,0,3
BRDA:124,17,1,1
BRDA:133,18,0,0
BRDA:133,18,1,4
BRDA:134,19,0,4
BRDA:134,19,1,4
BRDA:134,19,2,0
BRDA:135,20,0,4
BRDA:135,20,1,0
BRDA:136,21,0,0
BRDA:136,21,1,0
BRDA:152,22,0,3
BRDA:152,22,1,4
BRDA:153,23,0,3
BRDA:153,23,1,4
BRDA:155,24,0,1
BRDA:155,24,1,6
BRDA:159,25,0,1
BRDA:159,25,1,5
BRDA:171,26,0,0
BRDA:171,26,1,5
BRDA:176,27,0,5
BRDA:176,27,1,2
BRDA:179,28,0,5
BRDA:179,28,1,0
BRDA:180,29,0,13
BRDA:180,29,1,0
BRDA:180,30,0,13
BRDA:180,30,1,13
BRDA:181,31,0,0
BRDA:181,31,1,0
BRDA:186,32,0,3
BRDA:186,32,1,2
BRDA:187,33,0,0
BRDA:187,33,1,3
BRDA:190,34,0,0
BRDA:190,34,1,2
BRDA:196,35,0,0
BRDA:196,35,1,5
BRDA:196,36,0,5
BRDA:196,36,1,5
BRDA:198,37,0,5
BRDA:198,37,1,0
BRDA:198,38,0,5
BRDA:198,38,1,2
BRDA:203,39,0,5
BRDA:203,39,1,0
BRDA:209,40,0,3
BRDA:209,40,1,2
BRDA:209,41,0,5
BRDA:209,41,1,3
BRDA:209,41,2,3
BRDA:210,42,0,3
BRDA:210,42,1,0
BRDA:213,43,0,2
BRDA:213,43,1,0
BRDA:223,44,0,2
BRDA:223,44,1,3
BRDA:224,45,0,2
BRDA:224,45,1,0
BRDA:235,46,0,5
BRDA:235,46,1,0
BRDA:239,47,0,3
BRDA:239,47,1,2
BRDA:239,48,0,5
BRDA:239,48,1,3
BRDA:239,48,2,3
BRDA:239,48,3,3
BRDA:239,48,4,3
BRDA:245,49,0,3
BRDA:245,49,1,0
BRDA:250,50,0,30
BRDA:250,50,1,0
BRDA:250,50,2,0
BRDA:253,51,0,30
BRDA:253,51,1,0
BRDA:254,52,0,30
BRDA:254,52,1,0
BRDA:255,53,0,30
BRDA:255,53,1,0
BRDA:257,54,0,0
BRDA:257,54,1,2
BRDA:261,55,0,0
BRDA:261,55,1,0
BRDA:264,56,0,0
BRDA:264,56,1,0
BRDA:268,57,0,0
BRDA:268,57,1,0
BRDA:275,58,0,0
BRDA:275,58,1,0
BRDA:285,59,0,3
BRDA:285,59,1,2
BRDA:285,60,0,5
BRDA:285,60,1,3
BRDA:286,61,0,3
BRDA:286,61,1,0
BRDA:287,62,0,3
BRDA:287,62,1,0
BRDA:288,63,0,0
BRDA:288,63,1,0
BRDA:292,64,0,3
BRDA:292,64,1,2
BRDA:293,65,0,0
BRDA:293,65,1,3
BRDA:294,66,0,2
BRDA:294,66,1,0
BRDA:299,67,0,5
BRDA:299,67,1,0
BRDA:302,68,0,3
BRDA:302,68,1,2
BRDA:305,69,0,3
BRDA:305,69,1,0
BRDA:308,70,0,0
BRDA:308,70,1,0
BRDA:309,71,0,0
BRDA:309,71,1,0
BRDA:318,72,0,0
BRDA:318,72,1,2
BRDA:320,73,0,2
BRDA:320,73,1,0
BRDA:321,74,0,0
BRDA:321,74,1,2
BRDA:332,75,0,5
BRDA:332,75,1,0
BRDA:337,76,0,5
BRDA:337,76,1,0
BRDA:339,77,0,5
BRDA:339,77,1,0
BRDA:348,78,0,0
BRDA:348,78,1,0
BRDA:368,79,0,5
BRDA:368,79,1,0
BRDA:382,80,0,5
BRDA:382,80,1,5
BRDA:407,81,0,0
BRDA:407,81,1,5
BRDA:411,82,0,3
BRDA:411,82,1,2
BRDA:412,83,0,5
BRDA:412,83,1,0
BRDA:414,84,0,5
BRDA:414,84,1,0
BRDA:420,85,0,5
BRDA:420,85,1,0
BRDA:422,86,0,5
BRDA:422,86,1,0
BRDA:437,87,0,5
BRDA:437,87,1,0
BRDA:458,88,0,5
BRDA:458,88,1,0
BRDA:467,89,0,5
BRDA:467,89,1,0
BRDA:482,90,0,3
BRDA:482,90,1,2
BRDA:485,91,0,5
BRDA:485,91,1,0
BRDA:497,92,0,5
BRDA:497,92,1,3
BRDA:513,93,0,3
BRDA:513,93,1,0
BRDA:513,94,0,3
BRDA:513,94,1,3
BRDA:513,94,2,3
BRDA:551,95,0,30
BRDA:551,95,1,0
BRDA:590,96,0,9
BRDA:590,96,1,0
BRDA:617,97,0,10
BRDA:617,97,1,0
BRDA:641,98,0,3
BRDA:641,98,1,2
BRDA:646,99,0,3
BRDA:646,99,1,0
BRDA:654,100,0,3
BRDA:654,100,1,0
BRDA:665,101,0,2
BRDA:665,101,1,0
BRDA:673,102,0,2
BRDA:673,102,1,0
BRDA:681,103,0,0
BRDA:681,103,1,2
BRDA:696,104,0,3
BRDA:696,104,1,2
BRDA:699,105,0,5
BRDA:699,105,1,0
BRF:223
BRH:144
end_of_record
TN:
SF:components/Input.tsx
FN:12,(anonymous_0)
FNF:1
FNH:1
FNDA:3,(anonymous_0)
DA:12,2
DA:13,3
LF:2
LH:2
BRDA:21,0,0,1
BRDA:21,0,1,2
BRF:2
BRH:2
end_of_record
TN:
SF:components/MobileMenu.tsx
FN:9,(anonymous_0)
FN:18,(anonymous_1)
FN:21,(anonymous_2)
FNF:3
FNH:2
FNDA:4,(anonymous_0)
FNDA:6,(anonymous_1)
FNDA:0,(anonymous_2)
DA:9,2
DA:10,4
DA:11,4
DA:12,3
DA:15,1
DA:19,6
DA:21,0
LF:7
LH:6
BRDA:11,0,0,3
BRDA:11,0,1,1
BRF:2
BRH:2
end_of_record
TN:
SF:components/MovieCard.tsx
FN:24,(anonymous_0)
FN:35,(anonymous_1)
FN:61,(anonymous_2)
FN:77,(anonymous_3)
FN:87,(anonymous_4)
FN:88,(anonymous_5)
FN:110,(anonymous_6)
FN:131,(anonymous_7)
FN:144,(anonymous_8)
FN:161,(anonymous_9)
FN:212,(anonymous_10)
FNF:11
FNH:6
FNDA:7,(anonymous_0)
FNDA:7,(anonymous_1)
FNDA:2,(anonymous_2)
FNDA:1,(anonymous_3)
FNDA:2,(anonymous_4)
FNDA:0,(anonymous_5)
FNDA:0,(anonymous_6)
FNDA:0,(anonymous_7)
FNDA:0,(anonymous_8)
FNDA:0,(anonymous_9)
FNDA:4,(anonymous_10)
DA:24,1
DA:25,7
DA:26,7
DA:27,7
DA:28,7
DA:29,7
DA:31,7
DA:33,7
DA:35,7
DA:36,7
DA:37,0
DA:38,0
DA:42,7
DA:43,7
DA:47,0
DA:48,0
DA:52,0
DA:53,0
DA:55,0
DA:58,7
DA:61,7
DA:62,2
DA:68,2
DA:77,7
DA:79,1
DA:80,1
DA:81,1
DA:84,7
DA:87,2
DA:88,0
DA:111,0
DA:117,0
DA:132,0
DA:145,0
DA:151,0
DA:162,0
DA:213,4
LF:37
LH:23
BRDA:36,0,0,0
BRDA:36,0,1,7
BRDA:42,1,0,7
BRDA:42,1,1,0
BRDA:47,2,0,0
BRDA:47,2,1,0
BRDA:79,3,0,0
BRDA:79,3,1,1
BRDA:91,4,0,2
BRDA:91,4,1,5
BRDA:92,5,0,2
BRDA:92,5,1,5
BRDA:101,6,0,2
BRDA:101,6,1,5
BRDA:105,7,0,7
BRDA:105,7,1,0
BRDA:124,8,0,7
BRDA:124,8,1,2
BRDA:133,9,0,0
BRDA:133,9,1,0
BRDA:139,10,0,2
BRDA:139,10,1,0
BRDA:163,11,0,0
BRDA:163,11,1,0
BRDA:172,12,0,0
BRDA:172,12,1,2
BRDA:173,13,0,2
BRDA:173,13,1,0
BRDA:174,14,0,2
BRDA:174,14,1,0
BRDA:178,15,0,0
BRDA:178,15,1,2
BRDA:179,16,0,2
BRDA:179,16,1,0
BRDA:180,17,0,2
BRDA:180,17,1,0
BRDA:193,18,0,0
BRDA:193,18,1,2
BRDA:194,19,0,0
BRDA:194,19,1,0
BRDA:197,20,0,0
BRDA:197,20,1,2
BRDA:202,21,0,0
BRDA:202,21,1,2
BRDA:211,22,0,2
BRDA:211,22,1,0
BRDA:214,23,0,4
BRDA:214,23,1,2
BRF:48
BRH:25
end_of_record
TN:
SF:components/MovieList.tsx
FN:13,(anonymous_0)
FN:19,(anonymous_1)
FN:20,(anonymous_2)
FN:35,(anonymous_3)
FN:40,(anonymous_4)
FN:52,(anonymous_5)
FN:77,(anonymous_6)
FN:93,(anonymous_7)
FN:107,(anonymous_8)
FNF:9
FNH:5
FNDA:15,(anonymous_0)
FNDA:8,(anonymous_1)
FNDA:8,(anonymous_2)
FNDA:8,(anonymous_3)
FNDA:0,(anonymous_4)
FNDA:0,(anonymous_5)
FNDA:0,(anonymous_6)
FNDA:52,(anonymous_7)
FNDA:0,(anonymous_8)
DA:13,1
DA:14,15
DA:15,15
DA:16,15
DA:19,15
DA:20,8
DA:21,8
DA:22,7
DA:24,7
DA:25,7
DA:30,8
DA:33,8
DA:35,8
DA:36,8
DA:40,15
DA:41,0
DA:42,0
DA:43,0
DA:45,0
DA:48,0
DA:52,15
DA:53,0
DA:54,0
DA:55,0
DA:56,0
DA:60,15
DA:61,1
DA:64,14
DA:77,0
DA:94,52
DA:107,0
LF:31
LH:20
BRDA:21,0,0,7
BRDA:21,0,1,1
BRDA:41,1,0,0
BRDA:41,1,1,0
BRDA:45,2,0,0
BRDA:45,2,1,0
BRDA:53,3,0,0
BRDA:53,3,1,0
BRDA:60,4,0,1
BRDA:60,4,1,14
BRDA:75,5,0,14
BRDA:75,5,1,0
BRDA:105,6,0,14
BRDA:105,6,1,7
BRF:14
BRH:7
end_of_record
TN:
SF:components/Navbar.tsx
FN:19,(anonymous_0)
FN:39,(anonymous_1)
FN:47,(anonymous_2)
FN:52,(anonymous_3)
FN:53,(anonymous_4)
FN:62,(anonymous_5)
FN:68,(anonymous_6)
FN:69,(anonymous_7)
FN:82,(anonymous_8)
FN:87,(anonymous_9)
FN:88,(anonymous_10)
FN:91,(anonymous_11)
FN:92,(anonymous_12)
FN:95,(anonymous_13)
FN:98,(anonymous_14)
FN:105,(anonymous_15)
FN:118,(anonymous_16)
FN:139,(anonymous_17)
FN:208,(anonymous_18)
FNF:19
FNH:8
FNDA:2,(anonymous_0)
FNDA:2,(anonymous_1)
FNDA:2,(anonymous_2)
FNDA:2,(anonymous_3)
FNDA:0,(anonymous_4)
FNDA:2,(anonymous_5)
FNDA:2,(anonymous_6)
FNDA:0,(anonymous_7)
FNDA:2,(anonymous_8)
FNDA:0,(anonymous_9)
FNDA:0,(anonymous_10)
FNDA:0,(anonymous_11)
FNDA:0,(anonymous_12)
FNDA:0,(anonymous_13)
FNDA:0,(anonymous_14)
FNDA:0,(anonymous_15)
FNDA:0,(anonymous_16)
FNDA:12,(anonymous_17)
FNDA:0,(anonymous_18)
DA:17,1
DA:19,1
DA:20,2
DA:21,2
DA:22,2
DA:23,2
DA:26,2
DA:28,2
DA:29,2
DA:32,2
DA:33,2
DA:36,2
DA:39,2
DA:40,2
DA:41,0
DA:42,0
DA:47,2
DA:48,2
DA:52,2
DA:53,2
DA:54,0
DA:55,0
DA:57,0
DA:61,2
DA:62,2
DA:63,2
DA:68,2
DA:69,2
DA:70,0
DA:76,0
DA:77,0
DA:81,2
DA:82,2
DA:83,2
DA:87,2
DA:88,0
DA:91,2
DA:92,0
DA:95,2
DA:97,0
DA:98,0
DA:99,0
DA:100,0
DA:105,2
DA:106,0
DA:107,0
DA:108,0
DA:111,0
DA:112,0
DA:114,0
DA:118,2
DA:119,0
DA:120,0
DA:121,0
DA:124,2
DA:140,12
DA:210,0
LF:57
LH:33
BRDA:30,0,0,2
BRDA:30,0,1,2
BRDA:40,1,0,0
BRDA:40,1,1,2
BRDA:48,2,0,2
BRDA:48,2,1,2
BRDA:54,3,0,0
BRDA:54,3,1,0
BRDA:70,4,0,0
BRDA:70,4,1,0
BRDA:71,5,0,0
BRDA:71,5,1,0
BRDA:71,5,2,0
BRDA:71,5,3,0
BRDA:97,6,0,0
BRDA:97,6,1,0
BRDA:99,7,0,0
BRDA:99,7,1,0
BRDA:111,8,0,0
BRDA:111,8,1,0
BRDA:128,9,0,0
BRDA:128,9,1,2
BRDA:151,10,0,0
BRDA:151,10,1,2
BRDA:157,11,0,0
BRDA:157,11,1,2
BRDA:170,12,0,0
BRDA:170,12,1,0
BRDA:204,13,0,2
BRDA:204,13,1,0
BRDA:217,14,0,0
BRDA:217,14,1,2
BRF:32
BRH:10
end_of_record
TN:
SF:components/NavbarItem.tsx
FN:9,(anonymous_0)
FN:14,(anonymous_1)
FNF:2
FNH:2
FNDA:24,(anonymous_0)
FNDA:6,(anonymous_1)
DA:9,2
DA:10,24
DA:11,24
DA:14,6
LF:4
LH:4
BRF:0
BRH:0
end_of_record
TN:
SF:components/PlayButton.tsx
FN:9,(anonymous_0)
FN:14,(anonymous_1)
FNF:2
FNH:2
FNDA:2,(anonymous_0)
FNDA:1,(anonymous_1)
DA:9,1
DA:10,2
DA:11,2
DA:14,1
LF:4
LH:4
BRF:0
BRH:0
end_of_record
TN:
SF:components/ReactionsButton.tsx
FN:19,(anonymous_0)
FN:34,(anonymous_1)
FN:37,(anonymous_2)
FN:51,(anonymous_3)
FN:55,(anonymous_4)
FN:106,(anonymous_5)
FN:110,(anonymous_6)
FN:114,(anonymous_7)
FN:121,(anonymous_8)
FN:122,(anonymous_9)
FN:161,(anonymous_10)
FN:162,(anonymous_11)
FNF:12
FNH:11
FNDA:87,(anonymous_0)
FNDA:23,(anonymous_1)
FNDA:12,(anonymous_2)
FNDA:21,(anonymous_3)
FNDA:18,(anonymous_4)
FNDA:10,(anonymous_5)
FNDA:4,(anonymous_6)
FNDA:4,(anonymous_7)
FNDA:19,(anonymous_8)
FNDA:1,(anonymous_9)
FNDA:1,(anonymous_10)
FNDA:0,(anonymous_11)
DA:19,1
DA:25,87
DA:26,87
DA:27,87
DA:28,87
DA:29,87
DA:32,87
DA:34,87
DA:35,23
DA:37,12
DA:39,12
DA:40,12
DA:41,12
DA:42,12
DA:44,0
DA:45,0
DA:46,0
DA:51,87
DA:52,21
DA:55,87
DA:58,18
DA:60,16
DA:61,16
DA:64,16
DA:69,3
DA:77,3
DA:78,3
DA:79,3
DA:82,13
DA:91,12
DA:92,12
DA:93,12
DA:97,15
DA:99,0
DA:101,15
DA:102,15
DA:106,87
DA:107,10
DA:110,87
DA:111,4
DA:114,87
DA:115,4
DA:118,87
DA:121,19
DA:122,1
DA:161,1
DA:162,0
LF:47
LH:42
BRDA:23,0,0,0
BRDA:35,1,0,12
BRDA:35,1,1,11
BRDA:35,2,0,23
BRDA:35,2,1,23
BRDA:39,3,0,12
BRDA:39,3,1,0
BRDA:58,4,0,2
BRDA:58,4,1,16
BRDA:64,5,0,3
BRDA:64,5,1,13
BRDA:65,6,0,16
BRDA:65,6,1,8
BRDA:65,6,2,15
BRDA:65,6,3,4
BRDA:65,6,4,14
BRDA:65,6,5,4
BRDA:126,7,0,16
BRDA:126,7,1,71
BRDA:128,8,0,16
BRDA:128,8,1,0
BRDA:133,9,0,13
BRDA:133,9,1,58
BRDA:135,10,0,13
BRDA:135,10,1,0
BRDA:140,11,0,13
BRDA:140,11,1,45
BRDA:142,12,0,13
BRDA:142,12,1,0
BRDA:158,13,0,87
BRDA:158,13,1,36
BRDA:171,14,0,6
BRDA:171,14,1,30
BRDA:192,15,0,6
BRDA:192,15,1,30
BRDA:213,16,0,6
BRDA:213,16,1,30
BRF:37
BRH:32
end_of_record
TN:
SF:components/WatchingMovieCard.tsx
FN:26,(anonymous_0)
FN:37,(anonymous_1)
FN:63,(anonymous_2)
FN:79,(anonymous_3)
FN:86,(anonymous_4)
FN:98,(anonymous_5)
FN:134,(anonymous_6)
FN:135,(anonymous_7)
FN:156,(anonymous_8)
FN:183,(anonymous_9)
FN:192,(anonymous_10)
FN:209,(anonymous_11)
FNF:12
FNH:9
FNDA:93,(anonymous_0)
FNDA:93,(anonymous_1)
FNDA:36,(anonymous_2)
FNDA:3,(anonymous_3)
FNDA:5,(anonymous_4)
FNDA:36,(anonymous_5)
FNDA:36,(anonymous_6)
FNDA:1,(anonymous_7)
FNDA:0,(anonymous_8)
FNDA:4,(anonymous_9)
FNDA:0,(anonymous_10)
FNDA:0,(anonymous_11)
DA:26,1
DA:27,93
DA:28,93
DA:29,93
DA:30,93
DA:31,93
DA:33,93
DA:35,93
DA:37,93
DA:38,93
DA:39,0
DA:40,0
DA:44,93
DA:45,0
DA:49,93
DA:50,93
DA:54,0
DA:55,0
DA:57,0
DA:60,93
DA:63,93
DA:64,36
DA:70,36
DA:79,93
DA:81,3
DA:82,3
DA:83,3
DA:86,93
DA:87,5
DA:88,5
DA:98,93
DA:100,36
DA:101,10
DA:102,8
DA:105,8
DA:107,8
DA:110,8
DA:112,2
DA:116,26
DA:118,25
DA:119,25
DA:122,24
DA:125,24
DA:128,1
DA:131,93
DA:134,36
DA:135,1
DA:157,0
DA:163,0
DA:183,4
DA:193,0
DA:199,0
DA:209,0
LF:53
LH:42
BRDA:38,0,0,0
BRDA:38,0,1,93
BRDA:44,1,0,0
BRDA:44,1,1,93
BRDA:49,2,0,93
BRDA:49,2,1,0
BRDA:81,3,0,1
BRDA:81,3,1,2
BRDA:100,4,0,10
BRDA:100,4,1,26
BRDA:101,5,0,8
BRDA:101,5,1,2
BRDA:105,6,0,0
BRDA:105,6,1,8
BRDA:108,7,0,8
BRDA:108,7,1,0
BRDA:116,8,0,25
BRDA:116,8,1,1
BRDA:119,9,0,1
BRDA:119,9,1,24
BRDA:123,10,0,24
BRDA:123,10,1,2
BRDA:138,11,0,36
BRDA:138,11,1,57
BRDA:139,12,0,36
BRDA:139,12,1,57
BRDA:147,13,0,36
BRDA:147,13,1,57
BRDA:151,14,0,93
BRDA:151,14,1,0
BRDA:177,15,0,93
BRDA:177,15,1,36
BRDA:187,16,0,36
BRDA:187,16,1,0
BRDA:216,17,0,10
BRDA:216,17,1,26
BRDA:217,18,0,36
BRDA:217,18,1,1
BRDA:229,19,0,10
BRDA:229,19,1,26
BRDA:230,20,0,36
BRDA:230,20,1,1
BRDA:231,21,0,36
BRDA:231,21,1,0
BRDA:242,22,0,36
BRDA:242,22,1,10
BRDA:242,22,2,9
BRF:47
BRH:39
end_of_record
TN:
SF:constants/data.ts
FNF:0
FNH:0
DA:14,2
DA:53,2
DA:106,2
DA:129,2
DA:162,2
DA:411,2
LF:6
LH:6
BRF:0
BRH:0
end_of_record
TN:
SF:constants/navItem.ts
FNF:0
FNH:0
DA:1,3
LF:1
LH:1
BRF:0
BRH:0
end_of_record
TN:
SF:hooks/useBillboard.ts
FN:5,(anonymous_0)
FNF:1
FNH:0
FNDA:0,(anonymous_0)
DA:5,1
DA:6,0
DA:12,0
LF:3
LH:1
BRF:0
BRH:0
end_of_record
TN:
SF:hooks/useCurrentUser.ts
FN:5,(anonymous_0)
FNF:1
FNH:1
FNDA:2,(anonymous_0)
DA:5,7
DA:6,2
DA:8,2
LF:3
LH:3
BRF:0
BRH:0
end_of_record
TN:
SF:hooks/useFavourites.ts
FN:10,(anonymous_0)
FNF:1
FNH:1
FNDA:33,(anonymous_0)
DA:10,2
DA:11,33
DA:22,33
LF:3
LH:3
BRDA:12,0,0,29
BRDA:12,0,1,4
BRDA:23,1,0,33
BRDA:23,1,1,12
BRF:4
BRH:4
end_of_record
TN:
SF:hooks/useInfoModal.ts
FN:11,(anonymous_0)
FN:15,(anonymous_1)
FN:24,(anonymous_2)
FNF:3
FNH:1
FNDA:4,(anonymous_0)
FNDA:0,(anonymous_1)
FNDA:0,(anonymous_2)
DA:11,4
DA:17,0
DA:18,0
DA:25,0
LF:4
LH:1
BRDA:17,0,0,0
BRDA:17,0,1,0
BRF:2
BRH:0
end_of_record
TN:
SF:hooks/useMovieDetails.ts
FN:5,(anonymous_0)
FNF:1
FNH:0
FNDA:0,(anonymous_0)
DA:5,1
DA:6,0
DA:16,0
LF:3
LH:1
BRDA:7,0,0,0
BRDA:7,0,1,0
BRF:2
BRH:0
end_of_record
TN:
SF:hooks/useProfile.ts
FN:23,(anonymous_0)
FN:26,(anonymous_1)
FN:27,(anonymous_2)
FN:28,(anonymous_3)
FN:37,(anonymous_4)
FN:46,(anonymous_5)
FN:49,(anonymous_6)
FNF:7
FNH:6
FNDA:5,(anonymous_0)
FNDA:51,(anonymous_1)
FNDA:70,(anonymous_2)
FNDA:0,(anonymous_3)
FNDA:181,(anonymous_4)
FNDA:124,(anonymous_5)
FNDA:59,(anonymous_6)
DA:21,5
DA:23,5
DA:26,51
DA:27,70
DA:28,0
DA:37,5
DA:38,181
DA:44,181
DA:46,181
DA:47,124
DA:49,59
DA:52,39
DA:53,39
DA:58,181
LF:14
LH:13
BRDA:47,0,0,39
BRDA:47,0,1,85
BRDA:47,1,0,124
BRDA:47,1,1,65
BRDA:49,2,0,39
BRDA:49,2,1,2
BRDA:52,3,0,39
BRDA:52,3,1,0
BRF:8
BRH:7
end_of_record
TN:
SF:hooks/useReactions.ts
FN:11,(anonymous_0)
FNF:1
FNH:0
FNDA:0,(anonymous_0)
DA:11,1
DA:12,0
DA:18,0
DA:29,0
LF:4
LH:1
BRDA:12,0,0,0
BRDA:12,0,1,0
BRDA:13,1,0,0
BRDA:13,1,1,0
BRDA:30,2,0,0
BRDA:30,2,1,0
BRF:6
BRH:0
end_of_record
TN:
SF:hooks/useTvShowDetails.ts
FN:5,(anonymous_0)
FNF:1
FNH:0
FNDA:0,(anonymous_0)
DA:5,1
DA:6,0
DA:16,0
LF:3
LH:1
BRDA:7,0,0,0
BRDA:7,0,1,0
BRF:2
BRH:0
end_of_record
TN:
SF:hooks/useWatching.ts
FN:12,(anonymous_0)
FNF:1
FNH:0
FNDA:0,(anonymous_0)
DA:12,1
DA:13,0
DA:16,0
DA:18,0
DA:19,0
DA:22,0
DA:23,0
DA:26,0
DA:37,0
LF:9
LH:1
BRDA:12,0,0,0
BRDA:16,1,0,0
BRDA:16,1,1,0
BRDA:18,2,0,0
BRDA:18,2,1,0
BRDA:18,3,0,0
BRDA:18,3,1,0
BRDA:22,4,0,0
BRDA:22,4,1,0
BRDA:22,5,0,0
BRDA:22,5,1,0
BRDA:38,6,0,0
BRDA:38,6,1,0
BRF:13
BRH:0
end_of_record
TN:
SF:lib/fetcher.ts
FN:3,(anonymous_0)
FN:3,(anonymous_1)
FNF:2
FNH:2
FNDA:2,(anonymous_0)
FNDA:1,(anonymous_1)
DA:3,15
LF:1
LH:1
BRF:0
BRH:0
end_of_record
TN:
SF:lib/tmdb.ts
FN:10,(anonymous_0)
FN:11,(anonymous_1)
FN:17,(anonymous_2)
FN:18,(anonymous_3)
FNF:4
FNH:0
FNDA:0,(anonymous_0)
FNDA:0,(anonymous_1)
FNDA:0,(anonymous_2)
FNDA:0,(anonymous_3)
DA:1,2
DA:2,2
DA:4,2
DA:10,0
DA:11,0
DA:17,0
DA:18,0
DA:22,2
LF:8
LH:4
BRF:0
BRH:0
end_of_record
