TN:
SF:lib/serverAuth.ts
FN:8,(anonymous_0)
FNF:1
FNH:0
FNDA:0,(anonymous_0)
DA:8,4
DA:10,0
DA:12,0
DA:13,0
DA:16,0
DA:22,0
DA:23,0
DA:26,0
LF:8
LH:1
BRDA:12,0,0,0
BRDA:12,0,1,0
BRDA:22,1,0,0
BRDA:22,1,1,0
BRF:4
BRH:0
end_of_record
TN:
SF:lib/tmdb.ts
FN:10,(anonymous_0)
FN:11,(anonymous_1)
FN:17,(anonymous_2)
FN:18,(anonymous_3)
FNF:4
FNH:0
FNDA:0,(anonymous_0)
FNDA:0,(anonymous_1)
FNDA:0,(anonymous_2)
FNDA:0,(anonymous_3)
DA:1,3
DA:2,3
DA:4,3
DA:10,0
DA:11,0
DA:17,0
DA:18,0
DA:22,3
LF:8
LH:4
BRF:0
BRH:0
end_of_record
TN:
SF:pages/api/favourites.ts
FN:7,handler
FN:42,(anonymous_1)
FN:79,(anonymous_2)
FNF:3
FNH:2
FNDA:4,handler
FNDA:2,(anonymous_1)
FNDA:0,(anonymous_2)
DA:11,4
DA:12,1
DA:15,3
DA:16,3
DA:17,3
DA:19,3
DA:20,1
DA:24,2
DA:31,2
DA:32,1
DA:36,1
DA:41,1
DA:43,2
DA:44,2
DA:45,2
DA:46,1
DA:49,1
DA:53,1
DA:56,1
DA:62,0
DA:63,0
DA:67,0
DA:69,0
DA:70,0
DA:79,0
DA:95,0
DA:96,0
DA:101,1
DA:103,0
DA:104,0
LF:30
LH:20
BRDA:11,0,0,1
BRDA:11,0,1,3
BRDA:19,1,0,1
BRDA:19,1,1,2
BRDA:19,2,0,3
BRDA:19,2,1,2
BRDA:31,3,0,1
BRDA:31,3,1,1
BRDA:44,4,0,2
BRDA:44,4,1,0
BRDA:45,5,0,1
BRDA:45,5,1,1
BRDA:49,6,0,1
BRDA:49,6,1,0
BRDA:56,7,0,1
BRDA:56,7,1,0
BRDA:62,8,0,0
BRDA:62,8,1,0
BRDA:67,9,0,0
BRDA:67,9,1,0
BRDA:72,10,0,0
BRDA:72,10,1,0
BRDA:72,10,2,0
BRDA:73,11,0,0
BRDA:73,11,1,0
BRDA:75,12,0,0
BRDA:75,12,1,0
BRDA:79,13,0,0
BRDA:79,13,1,0
BRDA:80,14,0,0
BRDA:80,14,1,0
BRDA:82,15,0,0
BRDA:82,15,1,0
BRDA:83,16,0,0
BRDA:83,16,1,0
BRDA:88,17,0,0
BRDA:88,17,1,0
BRDA:90,18,0,0
BRDA:90,18,1,0
BRF:39
BRH:13
end_of_record
TN:
SF:pages/api/reactions.ts
FN:12,handler
FN:57,(anonymous_1)
FN:104,(anonymous_2)
FNF:3
FNH:2
FNDA:3,handler
FNDA:2,(anonymous_1)
FNDA:0,(anonymous_2)
DA:16,3
DA:17,1
DA:20,2
DA:21,2
DA:22,2
DA:24,2
DA:25,1
DA:29,1
DA:36,1
DA:37,0
DA:41,1
DA:42,1
DA:43,0
DA:46,0
DA:48,0
DA:51,1
DA:56,1
DA:58,2
DA:59,2
DA:60,2
DA:61,1
DA:64,1
DA:73,1
DA:76,1
DA:87,0
DA:88,0
DA:92,0
DA:94,0
DA:95,0
DA:104,0
DA:123,0
DA:127,0
DA:132,1
DA:134,0
DA:135,0
LF:35
LH:21
BRDA:16,0,0,1
BRDA:16,0,1,2
BRDA:24,1,0,1
BRDA:24,1,1,1
BRDA:24,2,0,2
BRDA:24,2,1,1
BRDA:36,3,0,0
BRDA:36,3,1,1
BRDA:42,4,0,0
BRDA:42,4,1,1
BRDA:42,5,0,1
BRDA:42,5,1,0
BRDA:43,6,0,0
BRDA:43,6,1,0
BRDA:59,7,0,2
BRDA:59,7,1,0
BRDA:60,8,0,1
BRDA:60,8,1,1
BRDA:64,9,0,1
BRDA:64,9,1,0
BRDA:76,10,0,1
BRDA:76,10,1,0
BRDA:87,11,0,0
BRDA:87,11,1,0
BRDA:92,12,0,0
BRDA:92,12,1,0
BRDA:97,13,0,0
BRDA:97,13,1,0
BRDA:97,13,2,0
BRDA:98,14,0,0
BRDA:98,14,1,0
BRDA:100,15,0,0
BRDA:100,15,1,0
BRDA:104,16,0,0
BRDA:104,16,1,0
BRDA:105,17,0,0
BRDA:105,17,1,0
BRDA:107,18,0,0
BRDA:107,18,1,0
BRDA:108,19,0,0
BRDA:108,19,1,0
BRDA:113,20,0,0
BRDA:113,20,1,0
BRDA:117,21,0,0
BRDA:117,21,1,0
BRF:45
BRH:14
end_of_record
TN:
SF:pages/api/register.ts
FN:5,handler
FNF:1
FNH:1
FNDA:3,handler
DA:9,3
DA:10,1
DA:13,2
DA:14,2
DA:16,2
DA:20,2
DA:21,1
DA:24,1
DA:26,1
DA:46,1
DA:48,0
DA:49,0
LF:12
LH:10
BRDA:9,0,0,1
BRDA:9,0,1,2
BRDA:20,1,0,1
BRDA:20,1,1,1
BRF:4
BRH:4
end_of_record
TN:
SF:pages/api/search.ts
FN:54,handler
FN:93,(anonymous_1)
FN:107,(anonymous_2)
FN:178,(anonymous_3)
FN:192,(anonymous_4)
FN:210,(anonymous_5)
FN:222,(anonymous_6)
FNF:7
FNH:4
FNDA:4,handler
FNDA:1,(anonymous_1)
FNDA:0,(anonymous_2)
FNDA:1,(anonymous_3)
FNDA:0,(anonymous_4)
FNDA:0,(anonymous_5)
FNDA:1,(anonymous_6)
DA:51,1
DA:52,1
DA:58,4
DA:59,4
DA:60,1
DA:62,3
DA:63,3
DA:65,3
DA:66,1
DA:70,2
DA:92,2
DA:93,1
DA:107,0
DA:124,2
DA:131,1
DA:133,1
DA:134,1
DA:136,0
DA:137,0
DA:141,0
DA:157,1
DA:159,1
DA:177,1
DA:179,1
DA:180,1
DA:186,1
DA:189,1
DA:190,1
DA:191,0
DA:193,0
DA:197,0
DA:198,0
DA:203,1
DA:204,0
DA:210,0
DA:214,1
DA:222,1
DA:227,0
DA:228,0
DA:234,1
DA:236,1
DA:240,1
DA:241,1
LF:43
LH:31
BRDA:59,0,0,1
BRDA:59,0,1,3
BRDA:65,1,0,1
BRDA:65,1,1,2
BRDA:65,2,0,3
BRDA:65,2,1,2
BRDA:96,3,0,1
BRDA:96,3,1,0
BRDA:97,4,0,1
BRDA:97,4,1,1
BRDA:98,5,0,1
BRDA:98,5,1,0
BRDA:99,6,0,1
BRDA:99,6,1,1
BRDA:101,7,0,1
BRDA:101,7,1,0
BRDA:102,8,0,1
BRDA:102,8,1,0
BRDA:110,9,0,0
BRDA:110,9,1,0
BRDA:111,10,0,0
BRDA:111,10,1,0
BRDA:112,11,0,0
BRDA:112,11,1,0
BRDA:113,12,0,0
BRDA:113,12,1,0
BRDA:115,13,0,0
BRDA:115,13,1,0
BRDA:116,14,0,0
BRDA:116,14,1,0
BRDA:134,15,0,0
BRDA:134,15,1,1
BRDA:134,16,0,1
BRDA:134,16,1,0
BRDA:137,17,0,0
BRDA:137,17,1,0
BRDA:138,18,0,0
BRDA:138,18,1,0
BRDA:143,19,0,0
BRDA:143,19,1,0
BRDA:143,19,2,0
BRDA:145,20,0,0
BRDA:145,20,1,0
BRDA:149,21,0,0
BRDA:149,21,1,0
BRDA:151,22,0,0
BRDA:151,22,1,0
BRDA:153,23,0,0
BRDA:153,23,1,0
BRDA:157,24,0,1
BRDA:157,24,1,0
BRDA:157,25,0,1
BRDA:157,25,1,0
BRDA:161,26,0,1
BRDA:161,26,1,0
BRDA:161,26,2,0
BRDA:163,27,0,1
BRDA:163,27,1,0
BRDA:167,28,0,1
BRDA:167,28,1,0
BRDA:169,29,0,1
BRDA:169,29,1,1
BRDA:171,30,0,1
BRDA:171,30,1,1
BRDA:181,31,0,0
BRDA:181,31,1,1
BRDA:190,32,0,0
BRDA:190,32,1,1
BRDA:193,33,0,0
BRDA:193,33,1,0
BRDA:193,33,2,0
BRDA:193,33,3,0
BRDA:197,34,0,0
BRDA:197,34,1,0
BRDA:203,35,0,0
BRDA:203,35,1,1
BRDA:207,36,0,0
BRDA:207,36,1,0
BRDA:209,37,0,0
BRDA:209,37,1,0
BRDA:217,38,0,1
BRDA:217,38,1,0
BRDA:221,39,0,1
BRDA:221,39,1,0
BRDA:243,40,0,1
BRDA:243,40,1,0
BRF:86
BRH:31
end_of_record
TN:
SF:pages/api/watching.ts
FN:5,handler
FNF:1
FNH:1
FNDA:3,handler
DA:9,3
DA:10,3
DA:11,2
DA:21,2
DA:24,2
DA:25,0
DA:29,2
DA:30,0
DA:36,2
DA:37,0
DA:43,2
DA:50,2
DA:51,0
DA:55,2
DA:56,1
DA:57,1
DA:60,1
DA:61,0
DA:63,0
DA:64,0
DA:67,0
DA:68,0
DA:71,0
DA:76,2
DA:83,2
DA:85,1
DA:96,1
DA:100,1
DA:113,1
DA:116,1
DA:117,1
DA:118,1
DA:121,1
DA:122,0
DA:126,1
DA:133,1
DA:134,0
DA:138,1
DA:145,1
DA:148,0
DA:150,0
DA:151,0
LF:42
LH:27
BRDA:10,0,0,2
BRDA:10,0,1,1
BRDA:16,1,0,0
BRDA:17,2,0,2
BRDA:18,3,0,2
BRDA:19,4,0,2
BRDA:20,5,0,1
BRDA:24,6,0,0
BRDA:24,6,1,2
BRDA:24,7,0,2
BRDA:24,7,1,2
BRDA:24,7,2,2
BRDA:29,8,0,0
BRDA:29,8,1,2
BRDA:29,9,0,2
BRDA:29,9,1,2
BRDA:36,10,0,0
BRDA:36,10,1,2
BRDA:36,11,0,2
BRDA:36,11,1,0
BRDA:36,11,2,0
BRDA:50,12,0,0
BRDA:50,12,1,2
BRDA:55,13,0,1
BRDA:55,13,1,1
BRDA:56,14,0,1
BRDA:56,14,1,0
BRDA:60,15,0,0
BRDA:60,15,1,1
BRDA:63,16,0,0
BRDA:63,16,1,0
BRDA:67,17,0,0
BRDA:67,17,1,0
BRDA:83,18,0,1
BRDA:83,18,1,1
BRDA:116,19,0,1
BRDA:116,19,1,0
BRDA:121,20,0,0
BRDA:121,20,1,1
BRDA:121,21,0,1
BRDA:121,21,1,1
BRDA:133,22,0,0
BRDA:133,22,1,1
BRF:43
BRH:27
end_of_record
TN:
SF:pages/api/auth/[...nextauth].ts
FN:57,(anonymous_0)
FN:94,(anonymous_1)
FN:101,(anonymous_2)
FNF:3
FNH:0
FNDA:0,(anonymous_0)
FNDA:0,(anonymous_1)
FNDA:0,(anonymous_2)
DA:33,4
DA:58,0
DA:59,0
DA:62,0
DA:68,0
DA:69,0
DA:72,0
DA:77,0
DA:78,0
DA:81,0
DA:96,0
DA:97,0
DA:99,0
DA:103,0
DA:104,0
DA:108,0
DA:111,0
DA:112,0
DA:113,0
DA:114,0
DA:116,0
DA:117,0
DA:121,0
LF:23
LH:1
BRDA:36,0,0,4
BRDA:36,0,1,4
BRDA:37,1,0,4
BRDA:37,1,1,4
BRDA:40,2,0,4
BRDA:40,2,1,4
BRDA:41,3,0,4
BRDA:41,3,1,4
BRDA:58,4,0,0
BRDA:58,4,1,0
BRDA:58,5,0,0
BRDA:58,5,1,0
BRDA:68,6,0,0
BRDA:68,6,1,0
BRDA:68,7,0,0
BRDA:68,7,1,0
BRDA:77,8,0,0
BRDA:77,8,1,0
BRDA:96,9,0,0
BRDA:96,9,1,0
BRDA:96,10,0,0
BRDA:96,10,1,0
BRDA:103,11,0,0
BRDA:103,11,1,0
BRDA:108,12,0,0
BRDA:108,12,1,0
BRDA:114,13,0,0
BRDA:114,13,1,0
BRF:28
BRH:8
end_of_record
