<?xml version="1.0" encoding="UTF-8"?>
<coverage generated="1762330165628" clover="3.2.0">
  <project timestamp="1762330165629" name="All files">
    <metrics statements="457" coveredstatements="338" conditionals="480" coveredconditionals="303" methods="139" coveredmethods="91" elements="1076" coveredelements="732" complexity="0" loc="457" ncloc="457" packages="4" files="26" classes="26"/>
    <package name="components">
      <metrics statements="395" coveredstatements="301" conditionals="443" coveredconditionals="292" methods="116" coveredmethods="80"/>
      <file name="AccountMenu.tsx" path="/home/runner/work/next-nefllix-clone/next-nefllix-clone/components/AccountMenu.tsx">
        <metrics statements="22" coveredstatements="17" conditionals="12" coveredconditionals="10" methods="9" coveredmethods="6"/>
        <line num="21" count="2" type="stmt"/>
        <line num="22" count="8" type="stmt"/>
        <line num="23" count="8" type="stmt"/>
        <line num="24" count="8" type="stmt"/>
        <line num="27" count="8" type="stmt"/>
        <line num="30" count="8" type="cond" truecount="2" falsecount="0"/>
        <line num="31" count="12" type="stmt"/>
        <line num="34" count="8" type="stmt"/>
        <line num="35" count="1" type="stmt"/>
        <line num="36" count="1" type="stmt"/>
        <line num="39" count="1" type="stmt"/>
        <line num="43" count="1" type="stmt"/>
        <line num="45" count="0" type="stmt"/>
        <line num="46" count="0" type="stmt"/>
        <line num="50" count="8" type="cond" truecount="4" falsecount="0"/>
        <line num="52" count="5" type="stmt"/>
        <line num="56" count="0" type="stmt"/>
        <line num="77" count="5" type="stmt"/>
        <line num="79" count="1" type="stmt"/>
        <line num="100" count="0" type="stmt"/>
        <line num="107" count="0" type="stmt"/>
        <line num="116" count="1" type="stmt"/>
      </file>
      <file name="Billboard.tsx" path="/home/runner/work/next-nefllix-clone/next-nefllix-clone/components/Billboard.tsx">
        <metrics statements="15" coveredstatements="15" conditionals="15" coveredconditionals="13" methods="4" coveredmethods="4"/>
        <line num="10" count="1" type="stmt"/>
        <line num="11" count="13" type="stmt"/>
        <line num="12" count="13" type="stmt"/>
        <line num="13" count="13" type="stmt"/>
        <line num="15" count="13" type="stmt"/>
        <line num="17" count="13" type="stmt"/>
        <line num="18" count="1" type="stmt"/>
        <line num="21" count="13" type="stmt"/>
        <line num="22" count="1" type="stmt"/>
        <line num="25" count="13" type="stmt"/>
        <line num="26" count="6" type="stmt"/>
        <line num="29" count="13" type="cond" truecount="5" falsecount="0"/>
        <line num="30" count="7" type="stmt"/>
        <line num="35" count="6" type="cond" truecount="2" falsecount="0"/>
        <line num="43" count="6" type="stmt"/>
      </file>
      <file name="FavouriteButton.tsx" path="/home/runner/work/next-nefllix-clone/next-nefllix-clone/components/FavouriteButton.tsx">
        <metrics statements="16" coveredstatements="9" conditionals="11" coveredconditionals="8" methods="4" coveredmethods="3"/>
        <line num="16" count="1" type="stmt"/>
        <line num="23" count="2" type="stmt"/>
        <line num="24" count="2" type="stmt"/>
        <line num="27" count="2" type="stmt"/>
        <line num="28" count="2" type="stmt"/>
        <line num="30" count="1" type="cond" truecount="3" falsecount="0"/>
        <line num="37" count="2" type="stmt"/>
        <line num="38" count="0" type="stmt"/>
        <line num="39" count="0" type="cond" truecount="0" falsecount="2"/>
        <line num="40" count="0" type="stmt"/>
        <line num="44" count="0" type="stmt"/>
        <line num="53" count="0" type="stmt"/>
        <line num="54" count="0" type="stmt"/>
        <line num="56" count="0" type="stmt"/>
        <line num="69" count="2" type="cond" truecount="2" falsecount="0"/>
        <line num="71" count="2" type="stmt"/>
      </file>
      <file name="InfoModal.tsx" path="/home/runner/work/next-nefllix-clone/next-nefllix-clone/components/InfoModal.tsx">
        <metrics statements="100" coveredstatements="84" conditionals="223" coveredconditionals="144" methods="28" coveredmethods="21"/>
        <line num="42" count="1" type="stmt"/>
        <line num="43" count="7" type="stmt"/>
        <line num="44" count="7" type="stmt"/>
        <line num="45" count="7" type="stmt"/>
        <line num="46" count="7" type="stmt"/>
        <line num="47" count="7" type="stmt"/>
        <line num="49" count="7" type="stmt"/>
        <line num="51" count="7" type="stmt"/>
        <line num="54" count="7" type="stmt"/>
        <line num="60" count="7" type="stmt"/>
        <line num="63" count="7" type="stmt"/>
        <line num="67" count="7" type="stmt"/>
        <line num="72" count="7" type="stmt"/>
        <line num="76" count="7" type="stmt"/>
        <line num="81" count="7" type="stmt"/>
        <line num="84" count="7" type="stmt"/>
        <line num="87" count="7" type="stmt"/>
        <line num="88" count="7" type="stmt"/>
        <line num="90" count="7" type="cond" truecount="2" falsecount="0"/>
        <line num="91" count="7" type="cond" truecount="2" falsecount="0"/>
        <line num="93" count="7" type="cond" truecount="2" falsecount="0"/>
        <line num="96" count="7" type="stmt"/>
        <line num="97" count="0" type="stmt"/>
        <line num="101" count="7" type="stmt"/>
        <line num="102" count="4" type="stmt"/>
        <line num="106" count="7" type="stmt"/>
        <line num="108" count="4" type="cond" truecount="4" falsecount="2"/>
        <line num="109" count="0" type="stmt"/>
        <line num="112" count="4" type="cond" truecount="5" falsecount="1"/>
        <line num="113" count="0" type="stmt"/>
        <line num="118" count="7" type="stmt"/>
        <line num="119" count="4" type="cond" truecount="2" falsecount="0"/>
        <line num="120" count="4" type="cond" truecount="2" falsecount="0"/>
        <line num="122" count="4" type="cond" truecount="4" falsecount="0"/>
        <line num="123" count="1" type="stmt"/>
        <line num="124" count="3" type="cond" truecount="4" falsecount="0"/>
        <line num="125" count="1" type="stmt"/>
        <line num="130" count="7" type="stmt"/>
        <line num="131" count="4" type="stmt"/>
        <line num="133" count="4" type="cond" truecount="1" falsecount="1"/>
        <line num="138" count="0" type="stmt"/>
        <line num="140" count="4" type="stmt"/>
        <line num="144" count="7" type="stmt"/>
        <line num="145" count="0" type="stmt"/>
        <line num="146" count="0" type="stmt"/>
        <line num="147" count="0" type="stmt"/>
        <line num="152" count="7" type="cond" truecount="2" falsecount="0"/>
        <line num="153" count="7" type="cond" truecount="2" falsecount="0"/>
        <line num="155" count="7" type="cond" truecount="2" falsecount="0"/>
        <line num="156" count="1" type="stmt"/>
        <line num="159" count="6" type="cond" truecount="2" falsecount="0"/>
        <line num="160" count="1" type="stmt"/>
        <line num="171" count="5" type="cond" truecount="1" falsecount="1"/>
        <line num="172" count="0" type="stmt"/>
        <line num="176" count="5" type="cond" truecount="2" falsecount="0"/>
        <line num="179" count="5" type="cond" truecount="1" falsecount="1"/>
        <line num="180" count="13" type="cond" truecount="3" falsecount="1"/>
        <line num="186" count="5" type="cond" truecount="2" falsecount="0"/>
        <line num="196" count="5" type="cond" truecount="3" falsecount="1"/>
        <line num="203" count="5" type="cond" truecount="1" falsecount="1"/>
        <line num="204" count="10" type="stmt"/>
        <line num="209" count="5" type="cond" truecount="5" falsecount="0"/>
        <line num="211" count="6" type="stmt"/>
        <line num="218" count="4" type="stmt"/>
        <line num="220" count="2" type="stmt"/>
        <line num="223" count="5" type="cond" truecount="2" falsecount="0"/>
        <line num="228" count="4" type="stmt"/>
        <line num="230" count="0" type="stmt"/>
        <line num="235" count="10" type="cond" truecount="1" falsecount="1"/>
        <line num="239" count="5" type="cond" truecount="7" falsecount="0"/>
        <line num="245" count="4" type="cond" truecount="1" falsecount="1"/>
        <line num="247" count="30" type="stmt"/>
        <line num="285" count="5" type="cond" truecount="4" falsecount="0"/>
        <line num="292" count="5" type="cond" truecount="2" falsecount="0"/>
        <line num="297" count="5" type="stmt"/>
        <line num="299" count="5" type="cond" truecount="1" falsecount="1"/>
        <line num="302" count="5" type="cond" truecount="2" falsecount="0"/>
        <line num="304" count="3" type="stmt"/>
        <line num="305" count="3" type="cond" truecount="1" falsecount="1"/>
        <line num="308" count="0" type="cond" truecount="0" falsecount="2"/>
        <line num="309" count="0" type="cond" truecount="0" falsecount="2"/>
        <line num="311" count="0" type="stmt"/>
        <line num="312" count="0" type="stmt"/>
        <line num="316" count="2" type="stmt"/>
        <line num="317" count="2" type="stmt"/>
        <line num="318" count="2" type="cond" truecount="1" falsecount="1"/>
        <line num="320" count="2" type="cond" truecount="1" falsecount="1"/>
        <line num="321" count="2" type="cond" truecount="1" falsecount="1"/>
        <line num="323" count="2" type="stmt"/>
        <line num="324" count="2" type="stmt"/>
        <line num="327" count="5" type="stmt"/>
        <line num="402" count="0" type="stmt"/>
        <line num="508" count="1" type="stmt"/>
        <line num="515" count="15" type="stmt"/>
        <line num="517" count="15" type="stmt"/>
        <line num="526" count="0" type="stmt"/>
        <line num="528" count="0" type="stmt"/>
        <line num="542" count="30" type="stmt"/>
        <line num="587" count="9" type="stmt"/>
        <line num="614" count="10" type="stmt"/>
      </file>
      <file name="Input.tsx" path="/home/runner/work/next-nefllix-clone/next-nefllix-clone/components/Input.tsx">
        <metrics statements="2" coveredstatements="2" conditionals="2" coveredconditionals="2" methods="1" coveredmethods="1"/>
        <line num="12" count="2" type="stmt"/>
        <line num="13" count="3" type="stmt"/>
      </file>
      <file name="MobileMenu.tsx" path="/home/runner/work/next-nefllix-clone/next-nefllix-clone/components/MobileMenu.tsx">
        <metrics statements="7" coveredstatements="6" conditionals="2" coveredconditionals="2" methods="3" coveredmethods="2"/>
        <line num="9" count="2" type="stmt"/>
        <line num="10" count="4" type="stmt"/>
        <line num="11" count="4" type="cond" truecount="2" falsecount="0"/>
        <line num="12" count="3" type="stmt"/>
        <line num="15" count="1" type="stmt"/>
        <line num="19" count="6" type="stmt"/>
        <line num="21" count="0" type="stmt"/>
      </file>
      <file name="MovieCard.tsx" path="/home/runner/work/next-nefllix-clone/next-nefllix-clone/components/MovieCard.tsx">
        <metrics statements="37" coveredstatements="23" conditionals="48" coveredconditionals="25" methods="11" coveredmethods="6"/>
        <line num="24" count="1" type="stmt"/>
        <line num="25" count="7" type="stmt"/>
        <line num="26" count="7" type="stmt"/>
        <line num="27" count="7" type="stmt"/>
        <line num="28" count="7" type="stmt"/>
        <line num="29" count="7" type="stmt"/>
        <line num="31" count="7" type="stmt"/>
        <line num="33" count="7" type="stmt"/>
        <line num="35" count="7" type="stmt"/>
        <line num="36" count="7" type="cond" truecount="1" falsecount="1"/>
        <line num="37" count="0" type="stmt"/>
        <line num="38" count="0" type="stmt"/>
        <line num="42" count="7" type="cond" truecount="1" falsecount="1"/>
        <line num="43" count="7" type="stmt"/>
        <line num="47" count="0" type="cond" truecount="0" falsecount="2"/>
        <line num="48" count="0" type="stmt"/>
        <line num="52" count="0" type="stmt"/>
        <line num="53" count="0" type="stmt"/>
        <line num="55" count="0" type="stmt"/>
        <line num="58" count="7" type="stmt"/>
        <line num="61" count="7" type="stmt"/>
        <line num="62" count="2" type="stmt"/>
        <line num="68" count="2" type="stmt"/>
        <line num="77" count="7" type="stmt"/>
        <line num="79" count="1" type="cond" truecount="1" falsecount="1"/>
        <line num="80" count="1" type="stmt"/>
        <line num="81" count="1" type="stmt"/>
        <line num="84" count="7" type="stmt"/>
        <line num="87" count="2" type="stmt"/>
        <line num="88" count="0" type="stmt"/>
        <line num="111" count="0" type="stmt"/>
        <line num="117" count="0" type="stmt"/>
        <line num="132" count="0" type="stmt"/>
        <line num="145" count="0" type="stmt"/>
        <line num="151" count="0" type="stmt"/>
        <line num="162" count="0" type="stmt"/>
        <line num="213" count="4" type="stmt"/>
      </file>
      <file name="MovieList.tsx" path="/home/runner/work/next-nefllix-clone/next-nefllix-clone/components/MovieList.tsx">
        <metrics statements="31" coveredstatements="20" conditionals="14" coveredconditionals="7" methods="9" coveredmethods="5"/>
        <line num="13" count="1" type="stmt"/>
        <line num="14" count="15" type="stmt"/>
        <line num="15" count="15" type="stmt"/>
        <line num="16" count="15" type="stmt"/>
        <line num="19" count="15" type="stmt"/>
        <line num="20" count="8" type="stmt"/>
        <line num="21" count="8" type="cond" truecount="2" falsecount="0"/>
        <line num="22" count="7" type="stmt"/>
        <line num="24" count="7" type="stmt"/>
        <line num="25" count="7" type="stmt"/>
        <line num="30" count="8" type="stmt"/>
        <line num="33" count="8" type="stmt"/>
        <line num="35" count="8" type="stmt"/>
        <line num="36" count="8" type="stmt"/>
        <line num="40" count="15" type="stmt"/>
        <line num="41" count="0" type="cond" truecount="0" falsecount="2"/>
        <line num="42" count="0" type="stmt"/>
        <line num="43" count="0" type="stmt"/>
        <line num="45" count="0" type="cond" truecount="0" falsecount="2"/>
        <line num="48" count="0" type="stmt"/>
        <line num="52" count="15" type="stmt"/>
        <line num="53" count="0" type="cond" truecount="0" falsecount="2"/>
        <line num="54" count="0" type="stmt"/>
        <line num="55" count="0" type="stmt"/>
        <line num="56" count="0" type="stmt"/>
        <line num="60" count="15" type="cond" truecount="2" falsecount="0"/>
        <line num="61" count="1" type="stmt"/>
        <line num="64" count="14" type="stmt"/>
        <line num="77" count="0" type="stmt"/>
        <line num="94" count="52" type="stmt"/>
        <line num="107" count="0" type="stmt"/>
      </file>
      <file name="Navbar.tsx" path="/home/runner/work/next-nefllix-clone/next-nefllix-clone/components/Navbar.tsx">
        <metrics statements="57" coveredstatements="33" conditionals="32" coveredconditionals="10" methods="19" coveredmethods="8"/>
        <line num="17" count="1" type="stmt"/>
        <line num="19" count="1" type="stmt"/>
        <line num="20" count="2" type="stmt"/>
        <line num="21" count="2" type="stmt"/>
        <line num="22" count="2" type="stmt"/>
        <line num="23" count="2" type="stmt"/>
        <line num="26" count="2" type="stmt"/>
        <line num="28" count="2" type="stmt"/>
        <line num="29" count="2" type="stmt"/>
        <line num="32" count="2" type="stmt"/>
        <line num="33" count="2" type="stmt"/>
        <line num="36" count="2" type="stmt"/>
        <line num="39" count="2" type="stmt"/>
        <line num="40" count="2" type="cond" truecount="1" falsecount="1"/>
        <line num="41" count="0" type="stmt"/>
        <line num="42" count="0" type="stmt"/>
        <line num="47" count="2" type="stmt"/>
        <line num="48" count="2" type="cond" truecount="2" falsecount="0"/>
        <line num="52" count="2" type="stmt"/>
        <line num="53" count="2" type="stmt"/>
        <line num="54" count="0" type="cond" truecount="0" falsecount="2"/>
        <line num="55" count="0" type="stmt"/>
        <line num="57" count="0" type="stmt"/>
        <line num="61" count="2" type="stmt"/>
        <line num="62" count="2" type="stmt"/>
        <line num="63" count="2" type="stmt"/>
        <line num="68" count="2" type="stmt"/>
        <line num="69" count="2" type="stmt"/>
        <line num="70" count="0" type="cond" truecount="0" falsecount="2"/>
        <line num="76" count="0" type="stmt"/>
        <line num="77" count="0" type="stmt"/>
        <line num="81" count="2" type="stmt"/>
        <line num="82" count="2" type="stmt"/>
        <line num="83" count="2" type="stmt"/>
        <line num="87" count="2" type="stmt"/>
        <line num="88" count="0" type="stmt"/>
        <line num="91" count="2" type="stmt"/>
        <line num="92" count="0" type="stmt"/>
        <line num="95" count="2" type="stmt"/>
        <line num="97" count="0" type="cond" truecount="0" falsecount="2"/>
        <line num="98" count="0" type="stmt"/>
        <line num="99" count="0" type="cond" truecount="0" falsecount="2"/>
        <line num="100" count="0" type="stmt"/>
        <line num="105" count="2" type="stmt"/>
        <line num="106" count="0" type="stmt"/>
        <line num="107" count="0" type="stmt"/>
        <line num="108" count="0" type="stmt"/>
        <line num="111" count="0" type="cond" truecount="0" falsecount="2"/>
        <line num="112" count="0" type="stmt"/>
        <line num="114" count="0" type="stmt"/>
        <line num="118" count="2" type="stmt"/>
        <line num="119" count="0" type="stmt"/>
        <line num="120" count="0" type="stmt"/>
        <line num="121" count="0" type="stmt"/>
        <line num="124" count="2" type="stmt"/>
        <line num="140" count="12" type="stmt"/>
        <line num="210" count="0" type="stmt"/>
      </file>
      <file name="NavbarItem.tsx" path="/home/runner/work/next-nefllix-clone/next-nefllix-clone/components/NavbarItem.tsx">
        <metrics statements="4" coveredstatements="4" conditionals="0" coveredconditionals="0" methods="2" coveredmethods="2"/>
        <line num="9" count="2" type="stmt"/>
        <line num="10" count="24" type="stmt"/>
        <line num="11" count="24" type="stmt"/>
        <line num="14" count="6" type="stmt"/>
      </file>
      <file name="PlayButton.tsx" path="/home/runner/work/next-nefllix-clone/next-nefllix-clone/components/PlayButton.tsx">
        <metrics statements="4" coveredstatements="4" conditionals="0" coveredconditionals="0" methods="2" coveredmethods="2"/>
        <line num="9" count="1" type="stmt"/>
        <line num="10" count="2" type="stmt"/>
        <line num="11" count="2" type="stmt"/>
        <line num="14" count="1" type="stmt"/>
      </file>
      <file name="ReactionsButton.tsx" path="/home/runner/work/next-nefllix-clone/next-nefllix-clone/components/ReactionsButton.tsx">
        <metrics statements="47" coveredstatements="42" conditionals="37" coveredconditionals="32" methods="12" coveredmethods="11"/>
        <line num="19" count="1" type="stmt"/>
        <line num="25" count="87" type="stmt"/>
        <line num="26" count="87" type="stmt"/>
        <line num="27" count="87" type="stmt"/>
        <line num="28" count="87" type="stmt"/>
        <line num="29" count="87" type="stmt"/>
        <line num="32" count="87" type="stmt"/>
        <line num="34" count="87" type="stmt"/>
        <line num="35" count="23" type="cond" truecount="4" falsecount="0"/>
        <line num="37" count="12" type="stmt"/>
        <line num="39" count="12" type="cond" truecount="1" falsecount="1"/>
        <line num="40" count="12" type="stmt"/>
        <line num="41" count="12" type="stmt"/>
        <line num="42" count="12" type="stmt"/>
        <line num="44" count="0" type="stmt"/>
        <line num="45" count="0" type="stmt"/>
        <line num="46" count="0" type="stmt"/>
        <line num="51" count="87" type="stmt"/>
        <line num="52" count="21" type="stmt"/>
        <line num="55" count="87" type="stmt"/>
        <line num="58" count="18" type="cond" truecount="2" falsecount="0"/>
        <line num="60" count="16" type="stmt"/>
        <line num="61" count="16" type="stmt"/>
        <line num="64" count="16" type="cond" truecount="2" falsecount="0"/>
        <line num="69" count="3" type="stmt"/>
        <line num="77" count="3" type="stmt"/>
        <line num="78" count="3" type="stmt"/>
        <line num="79" count="3" type="stmt"/>
        <line num="82" count="13" type="stmt"/>
        <line num="91" count="12" type="stmt"/>
        <line num="92" count="12" type="stmt"/>
        <line num="93" count="12" type="stmt"/>
        <line num="97" count="15" type="stmt"/>
        <line num="99" count="0" type="stmt"/>
        <line num="101" count="15" type="stmt"/>
        <line num="102" count="15" type="stmt"/>
        <line num="106" count="87" type="stmt"/>
        <line num="107" count="10" type="stmt"/>
        <line num="110" count="87" type="stmt"/>
        <line num="111" count="4" type="stmt"/>
        <line num="114" count="87" type="stmt"/>
        <line num="115" count="4" type="stmt"/>
        <line num="118" count="87" type="stmt"/>
        <line num="121" count="19" type="stmt"/>
        <line num="122" count="1" type="stmt"/>
        <line num="161" count="1" type="stmt"/>
        <line num="162" count="0" type="stmt"/>
      </file>
      <file name="WatchingMovieCard.tsx" path="/home/runner/work/next-nefllix-clone/next-nefllix-clone/components/WatchingMovieCard.tsx">
        <metrics statements="53" coveredstatements="42" conditionals="47" coveredconditionals="39" methods="12" coveredmethods="9"/>
        <line num="26" count="1" type="stmt"/>
        <line num="27" count="93" type="stmt"/>
        <line num="28" count="93" type="stmt"/>
        <line num="29" count="93" type="stmt"/>
        <line num="30" count="93" type="stmt"/>
        <line num="31" count="93" type="stmt"/>
        <line num="33" count="93" type="stmt"/>
        <line num="35" count="93" type="stmt"/>
        <line num="37" count="93" type="stmt"/>
        <line num="38" count="93" type="cond" truecount="1" falsecount="1"/>
        <line num="39" count="0" type="stmt"/>
        <line num="40" count="0" type="stmt"/>
        <line num="44" count="93" type="cond" truecount="1" falsecount="1"/>
        <line num="45" count="0" type="stmt"/>
        <line num="49" count="93" type="cond" truecount="1" falsecount="1"/>
        <line num="50" count="93" type="stmt"/>
        <line num="54" count="0" type="stmt"/>
        <line num="55" count="0" type="stmt"/>
        <line num="57" count="0" type="stmt"/>
        <line num="60" count="93" type="stmt"/>
        <line num="63" count="93" type="stmt"/>
        <line num="64" count="36" type="stmt"/>
        <line num="70" count="36" type="stmt"/>
        <line num="79" count="93" type="stmt"/>
        <line num="81" count="3" type="cond" truecount="2" falsecount="0"/>
        <line num="82" count="3" type="stmt"/>
        <line num="83" count="3" type="stmt"/>
        <line num="86" count="93" type="stmt"/>
        <line num="87" count="5" type="stmt"/>
        <line num="88" count="5" type="stmt"/>
        <line num="98" count="93" type="stmt"/>
        <line num="100" count="36" type="cond" truecount="2" falsecount="0"/>
        <line num="101" count="10" type="cond" truecount="2" falsecount="0"/>
        <line num="102" count="8" type="stmt"/>
        <line num="105" count="8" type="cond" truecount="1" falsecount="1"/>
        <line num="107" count="8" type="stmt"/>
        <line num="110" count="8" type="stmt"/>
        <line num="112" count="2" type="stmt"/>
        <line num="116" count="26" type="cond" truecount="2" falsecount="0"/>
        <line num="118" count="25" type="stmt"/>
        <line num="119" count="25" type="cond" truecount="2" falsecount="0"/>
        <line num="122" count="24" type="stmt"/>
        <line num="125" count="24" type="stmt"/>
        <line num="128" count="1" type="stmt"/>
        <line num="131" count="93" type="stmt"/>
        <line num="134" count="36" type="stmt"/>
        <line num="135" count="1" type="stmt"/>
        <line num="157" count="0" type="stmt"/>
        <line num="163" count="0" type="stmt"/>
        <line num="183" count="4" type="stmt"/>
        <line num="193" count="0" type="stmt"/>
        <line num="199" count="0" type="stmt"/>
        <line num="209" count="0" type="stmt"/>
      </file>
    </package>
    <package name="constants">
      <metrics statements="7" coveredstatements="7" conditionals="0" coveredconditionals="0" methods="0" coveredmethods="0"/>
      <file name="data.ts" path="/home/runner/work/next-nefllix-clone/next-nefllix-clone/constants/data.ts">
        <metrics statements="6" coveredstatements="6" conditionals="0" coveredconditionals="0" methods="0" coveredmethods="0"/>
        <line num="14" count="2" type="stmt"/>
        <line num="53" count="2" type="stmt"/>
        <line num="106" count="2" type="stmt"/>
        <line num="129" count="2" type="stmt"/>
        <line num="162" count="2" type="stmt"/>
        <line num="411" count="2" type="stmt"/>
      </file>
      <file name="navItem.ts" path="/home/runner/work/next-nefllix-clone/next-nefllix-clone/constants/navItem.ts">
        <metrics statements="1" coveredstatements="1" conditionals="0" coveredconditionals="0" methods="0" coveredmethods="0"/>
        <line num="1" count="3" type="stmt"/>
      </file>
    </package>
    <package name="hooks">
      <metrics statements="46" coveredstatements="25" conditionals="37" coveredconditionals="11" methods="17" coveredmethods="9"/>
      <file name="useBillboard.ts" path="/home/runner/work/next-nefllix-clone/next-nefllix-clone/hooks/useBillboard.ts">
        <metrics statements="3" coveredstatements="1" conditionals="0" coveredconditionals="0" methods="1" coveredmethods="0"/>
        <line num="5" count="1" type="stmt"/>
        <line num="6" count="0" type="stmt"/>
        <line num="12" count="0" type="stmt"/>
      </file>
      <file name="useCurrentUser.ts" path="/home/runner/work/next-nefllix-clone/next-nefllix-clone/hooks/useCurrentUser.ts">
        <metrics statements="3" coveredstatements="3" conditionals="0" coveredconditionals="0" methods="1" coveredmethods="1"/>
        <line num="5" count="7" type="stmt"/>
        <line num="6" count="2" type="stmt"/>
        <line num="8" count="2" type="stmt"/>
      </file>
      <file name="useFavourites.ts" path="/home/runner/work/next-nefllix-clone/next-nefllix-clone/hooks/useFavourites.ts">
        <metrics statements="3" coveredstatements="3" conditionals="4" coveredconditionals="4" methods="1" coveredmethods="1"/>
        <line num="10" count="2" type="stmt"/>
        <line num="11" count="33" type="stmt"/>
        <line num="22" count="33" type="stmt"/>
      </file>
      <file name="useInfoModal.ts" path="/home/runner/work/next-nefllix-clone/next-nefllix-clone/hooks/useInfoModal.ts">
        <metrics statements="4" coveredstatements="1" conditionals="2" coveredconditionals="0" methods="3" coveredmethods="1"/>
        <line num="11" count="4" type="stmt"/>
        <line num="17" count="0" type="cond" truecount="0" falsecount="2"/>
        <line num="18" count="0" type="stmt"/>
        <line num="25" count="0" type="stmt"/>
      </file>
      <file name="useMovieDetails.ts" path="/home/runner/work/next-nefllix-clone/next-nefllix-clone/hooks/useMovieDetails.ts">
        <metrics statements="3" coveredstatements="1" conditionals="2" coveredconditionals="0" methods="1" coveredmethods="0"/>
        <line num="5" count="1" type="stmt"/>
        <line num="6" count="0" type="stmt"/>
        <line num="16" count="0" type="stmt"/>
      </file>
      <file name="useProfile.ts" path="/home/runner/work/next-nefllix-clone/next-nefllix-clone/hooks/useProfile.ts">
        <metrics statements="14" coveredstatements="13" conditionals="8" coveredconditionals="7" methods="7" coveredmethods="6"/>
        <line num="21" count="5" type="stmt"/>
        <line num="23" count="5" type="stmt"/>
        <line num="26" count="51" type="stmt"/>
        <line num="27" count="70" type="stmt"/>
        <line num="28" count="0" type="stmt"/>
        <line num="37" count="5" type="stmt"/>
        <line num="38" count="181" type="stmt"/>
        <line num="44" count="181" type="stmt"/>
        <line num="46" count="181" type="stmt"/>
        <line num="47" count="124" type="cond" truecount="4" falsecount="0"/>
        <line num="49" count="59" type="cond" truecount="2" falsecount="0"/>
        <line num="52" count="39" type="cond" truecount="1" falsecount="1"/>
        <line num="53" count="39" type="stmt"/>
        <line num="58" count="181" type="stmt"/>
      </file>
      <file name="useReactions.ts" path="/home/runner/work/next-nefllix-clone/next-nefllix-clone/hooks/useReactions.ts">
        <metrics statements="4" coveredstatements="1" conditionals="6" coveredconditionals="0" methods="1" coveredmethods="0"/>
        <line num="11" count="1" type="stmt"/>
        <line num="12" count="0" type="cond" truecount="0" falsecount="2"/>
        <line num="18" count="0" type="stmt"/>
        <line num="29" count="0" type="stmt"/>
      </file>
      <file name="useTvShowDetails.ts" path="/home/runner/work/next-nefllix-clone/next-nefllix-clone/hooks/useTvShowDetails.ts">
        <metrics statements="3" coveredstatements="1" conditionals="2" coveredconditionals="0" methods="1" coveredmethods="0"/>
        <line num="5" count="1" type="stmt"/>
        <line num="6" count="0" type="stmt"/>
        <line num="16" count="0" type="stmt"/>
      </file>
      <file name="useWatching.ts" path="/home/runner/work/next-nefllix-clone/next-nefllix-clone/hooks/useWatching.ts">
        <metrics statements="9" coveredstatements="1" conditionals="13" coveredconditionals="0" methods="1" coveredmethods="0"/>
        <line num="12" count="1" type="cond" truecount="0" falsecount="1"/>
        <line num="13" count="0" type="stmt"/>
        <line num="16" count="0" type="cond" truecount="0" falsecount="2"/>
        <line num="18" count="0" type="cond" truecount="0" falsecount="4"/>
        <line num="19" count="0" type="stmt"/>
        <line num="22" count="0" type="cond" truecount="0" falsecount="4"/>
        <line num="23" count="0" type="stmt"/>
        <line num="26" count="0" type="stmt"/>
        <line num="37" count="0" type="stmt"/>
      </file>
    </package>
    <package name="lib">
      <metrics statements="9" coveredstatements="5" conditionals="0" coveredconditionals="0" methods="6" coveredmethods="2"/>
      <file name="fetcher.ts" path="/home/runner/work/next-nefllix-clone/next-nefllix-clone/lib/fetcher.ts">
        <metrics statements="1" coveredstatements="1" conditionals="0" coveredconditionals="0" methods="2" coveredmethods="2"/>
        <line num="3" count="15" type="stmt"/>
      </file>
      <file name="tmdb.ts" path="/home/runner/work/next-nefllix-clone/next-nefllix-clone/lib/tmdb.ts">
        <metrics statements="8" coveredstatements="4" conditionals="0" coveredconditionals="0" methods="4" coveredmethods="0"/>
        <line num="1" count="2" type="stmt"/>
        <line num="2" count="2" type="stmt"/>
        <line num="4" count="2" type="stmt"/>
        <line num="10" count="0" type="stmt"/>
        <line num="11" count="0" type="stmt"/>
        <line num="17" count="0" type="stmt"/>
        <line num="18" count="0" type="stmt"/>
        <line num="22" count="2" type="stmt"/>
      </file>
    </package>
  </project>
</coverage>
